added manifest
adding: game-javadoc.err(in = 57) (out= 58)(deflated -1%)
adding: game-javadoc.out(in = 57) (out= 59)(deflated -3%)
adding: gui/(in = 0) (out= 0)(stored 0%)
adding: gui/Controller.class(in = 2003) (out= 1108)(deflated 44%)
adding: gui/Main.class(in = 1051) (out= 634)(deflated 39%)
adding: gui/Model.class(in = 1799) (out= 1010)(deflated 43%)
adding: gui/View.class(in = 3404) (out= 1687)(deflated 50%)
adding: resources/(in = 0) (out= 0)(stored 0%)
adding: resources/css/(in = 0) (out= 0)(stored 0%)
adding: resources/css/Game.css(in = 672) (out= 216)(deflated 67%)
adding: resources/dialog/(in = 0) (out= 0)(stored 0%)
adding: resources/dialog/control-panel-en.txt(in = 56) (out= 46)(deflated 17%)
adding: resources/dialog/control-panel-fr.txt(in = 65) (out= 60)(deflated 7%)
adding: resources/dialog/menu-en.txt(in = 400) (out= 197)(deflated 50%)
adding: resources/dialog/menu-fr.txt(in = 427) (out= 242)(deflated 43%)
adding: resources/images/(in = 0) (out= 0)(stored 0%)
adding: resources/images/gameclient.png(in = 89408) (out= 89438)(deflated 0%)
adding: resources/images/gameend.png(in = 324576) (out= 324644)(deflated 0%)
adding: resources/images/gamepicend.png(in = 324576) (out= 324644)(deflated 0%)
adding: resources/images/gamepicwinner.png(in = 321967) (out= 322012)(deflated 0%)
adding: resources/images/gameserver.png(in = 89609) (out= 89639)(deflated 0%)
adding: resources/images/gamewinner.png(in = 321967) (out= 322012)(deflated 0%)
adding: resources/images/logo.png(in = 4304) (out= 4309)(deflated 0%)
adding: resources/images/piccorssLogoClient.png(in = 89408) (out= 89438)(deflated 0%)
adding: resources/images/piccorssLogoServer.png(in = 89609) (out= 89639)(deflated 0%)
adding: resources/images/piccross.png(in = 293528) (out= 293618)(deflated 0%)
adding: resources/images/piciconabt.gif(in = 1413) (out= 1418)(deflated 0%)
adding: resources/images/piciconcol.gif(in = 1095) (out= 1100)(deflated 0%)
adding: resources/images/picicondes.gif(in = 1125) (out= 864)(deflated 23%)
adding: resources/images/piciconeng.gif(in = 3581) (out= 3582)(deflated 0%)
adding: resources/images/piciconext.gif(in = 1171) (out= 1176)(deflated 0%)
adding: resources/images/piciconfra.gif(in = 2487) (out= 2492)(deflated 0%)
adding: resources/images/piciconlang.gif(in = 1351) (out= 963)(deflated 28%)
adding: resources/images/piciconload.gif(in = 1453) (out= 1458)(deflated 0%)
adding: resources/images/piciconnew.gif(in = 1356) (out= 957)(deflated 29%)
adding: resources/images/piciconpor.gif(in = 2668) (out= 2673)(deflated 0%)
adding: resources/images/piciconsol.gif(in = 1393) (out= 1398)(deflated 0%)
adding: resources/images/picross.png(in = 293528) (out= 293618)(deflated 0%)
adding: resources/images/PICROSS1.png(in = 77140) (out= 77144)(deflated 0%)
adding: resources/images/PICROSS2.png(in = 90202) (out= 90232)(deflated 0%)
adding: resources/images/picrossLogo.png(in = 4304) (out= 4309)(deflated 0%)
adding: server/(in = 0) (out= 0)(stored 0%)
adding: server/Server.class(in = 4118) (out= 2070)(deflated 49%)
adding: server/ServerThread.class(in = 3744) (out= 2150)(deflated 42%)
adding: server-jar.err(in = 0) (out= 0)(stored 0%)
adding: server-jar.out(in = 3208) (out= 661)(deflated 79%)
adding: server-javac.err(in = 0) (out= 0)(stored 0%)
adding: server-javac.out(in = 0) (out= 0)(stored 0%)
